<?xml version="1.0" encoding="UTF-8"?>
<!-- Generated by org.testng.reporters.JUnitReportReporter -->
<testsuite skipped="0" hostname="LAPTOP-9JP85U77" name="javapackage.TestNG5" tests="5" failures="0" timestamp="22 Mar 2021 13:37:39 GMT" time="0.020" errors="0">
  <testcase name="c" time="0.000" classname="javapackage.TestNG5"/>
  <testcase name="c" time="0.000" classname="javapackage.TestNG5"/>
  <testcase name="d" time="0.004" classname="javapackage.TestNG5"/>
  <testcase name="a" time="0.016" classname="javapackage.TestNG5"/>
  <testcase name="b" time="0.000" classname="javapackage.TestNG5"/>
</testsuite> <!-- javapackage.TestNG5 -->
