<?xml version="1.0" encoding="UTF-8"?>
<!-- Generated by org.testng.reporters.JUnitReportReporter -->
<testsuite skipped="0" hostname="LAPTOP-9JP85U77" name="javapackage.TestNG4" tests="1" failures="0" timestamp="24 Mar 2021 14:27:23 GMT" time="0.005" errors="0">
  <testcase name="b" time="0.005" classname="javapackage.TestNG4"/>
</testsuite> <!-- javapackage.TestNG4 -->
