<?xml version="1.0" encoding="UTF-8"?>
<!-- Generated by org.testng.reporters.JUnitReportReporter -->
<testsuite skipped="0" hostname="LAPTOP-9JP85U77" name="javapackage.Assertion3" tests="1" failures="0" timestamp="02 Apr 2021 14:26:04 GMT" time="0.007" errors="0">
  <testcase name="testCase4" time="0.007" classname="javapackage.Assertion3"/>
</testsuite> <!-- javapackage.Assertion3 -->
