<?xml version="1.0" encoding="UTF-8"?>
<!-- Generated by org.testng.reporters.JUnitReportReporter -->
<testsuite skipped="0" hostname="LAPTOP-9JP85U77" name="javapackage.TestNG6" tests="3" failures="0" timestamp="27 Mar 2021 07:09:38 GMT" time="0.008" errors="0">
  <testcase name="b" time="0.003" classname="javapackage.TestNG6"/>
  <testcase name="b" time="0.005" classname="javapackage.TestNG6"/>
  <testcase name="a" time="0.000" classname="javapackage.TestNG6"/>
</testsuite> <!-- javapackage.TestNG6 -->
