<?xml version="1.0" encoding="UTF-8"?>
<!-- Generated by org.testng.reporters.JUnitReportReporter -->
<testsuite skipped="0" hostname="LAPTOP-9JP85U77" name="javapackage.TestNG1" tests="2" failures="0" timestamp="19 Mar 2021 10:03:01 GMT" time="0.004" errors="0">
  <testcase name="a1" time="0.004" classname="javapackage.TestNG1"/>
  <testcase name="a2" time="0.000" classname="javapackage.TestNG1"/>
</testsuite> <!-- javapackage.TestNG1 -->
