<?xml version="1.0" encoding="UTF-8"?>
<!-- Generated by org.testng.reporters.JUnitReportReporter -->
<testsuite skipped="0" hostname="LAPTOP-9JP85U77" name="javapackage.ObjectRepository" tests="1" failures="0" timestamp="31 Mar 2021 02:35:31 GMT" time="7.792" errors="0">
  <testcase name="readProperty" time="7.792" classname="javapackage.ObjectRepository"/>
</testsuite> <!-- javapackage.ObjectRepository -->
