<?xml version="1.0" encoding="UTF-8"?>
<!-- Generated by org.testng.reporters.JUnitReportReporter -->
<testsuite skipped="0" hostname="LAPTOP-9JP85U77" name="javapackage.TestNG3" tests="4" failures="0" timestamp="19 Mar 2021 10:17:35 GMT" time="0.016" errors="0">
  <testcase name="z" time="0.000" classname="javapackage.TestNG3"/>
  <testcase name="a3" time="0.000" classname="javapackage.TestNG3"/>
  <testcase name="a1" time="0.016" classname="javapackage.TestNG3"/>
  <testcase name="b" time="0.000" classname="javapackage.TestNG3"/>
</testsuite> <!-- javapackage.TestNG3 -->
